<?xml version="1.0" encoding="UTF-8"?>
<!-- Generated by org.testng.reporters.JUnitReportReporter -->
<testsuite hostname="DESKTOP-8KI9ON1" failures="0" tests="1" name="TestFind" time="74.923" errors="0" timestamp="2021-05-27T20:07:39 TRT" skipped="0">
  <testcase classname="TestFind" name="avitoTest" time="74.923"/>
  <system-out/>
</testsuite> <!-- TestFind -->
